WARNING: Logging before InitGoogleLogging() is written to STDERR
I20230119 13:34:41.071235 11664 runtime_ir.cpp:276] Batch Size:8
I20230119 13:34:41.071338 11664 runtime_ir.cpp:278] Input Rows: 640 Cols: 640 Channels: 3
I20230119 13:34:41.071349 11664 runtime_ir.cpp:278] Input Rows: 640 Cols: 640 Channels: 3
I20230119 13:34:41.071353 11664 runtime_ir.cpp:278] Input Rows: 640 Cols: 640 Channels: 3
I20230119 13:34:41.071357 11664 runtime_ir.cpp:278] Input Rows: 640 Cols: 640 Channels: 3
I20230119 13:34:41.071362 11664 runtime_ir.cpp:278] Input Rows: 640 Cols: 640 Channels: 3
I20230119 13:34:41.071367 11664 runtime_ir.cpp:278] Input Rows: 640 Cols: 640 Channels: 3
I20230119 13:34:41.071370 11664 runtime_ir.cpp:278] Input Rows: 640 Cols: 640 Channels: 3
I20230119 13:34:41.071374 11664 runtime_ir.cpp:278] Input Rows: 640 Cols: 640 Channels: 3
I20230119 13:34:41.071378 11664 runtime_ir.cpp:280] Inference starting ... 
I20230119 13:34:43.934739 11664 parse_expression.cpp:179] 0
I20230119 13:34:43.934789 11664 parse_expression.cpp:179] 1
I20230119 13:34:43.934794 11664 parse_expression.cpp:179] -2
I20230119 13:34:46.003938 11664 parse_expression.cpp:179] 0
I20230119 13:34:46.003993 11664 parse_expression.cpp:179] 1
I20230119 13:34:46.004000 11664 parse_expression.cpp:179] -2
I20230119 13:34:46.528146 11664 parse_expression.cpp:179] 0
I20230119 13:34:46.528187 11664 parse_expression.cpp:179] 1
I20230119 13:34:46.528193 11664 parse_expression.cpp:179] -2
I20230119 13:34:48.240150 11664 parse_expression.cpp:179] 0
I20230119 13:34:48.240200 11664 parse_expression.cpp:179] 1
I20230119 13:34:48.240208 11664 parse_expression.cpp:179] -2
I20230119 13:34:48.710242 11664 parse_expression.cpp:179] 0
I20230119 13:34:48.710285 11664 parse_expression.cpp:179] 1
I20230119 13:34:48.710290 11664 parse_expression.cpp:179] -2
I20230119 13:34:49.197072 11664 parse_expression.cpp:179] 0
I20230119 13:34:49.197206 11664 parse_expression.cpp:179] 1
I20230119 13:34:49.197460 11664 parse_expression.cpp:179] -2
I20230119 13:34:50.950314 11664 parse_expression.cpp:179] 0
I20230119 13:34:50.950373 11664 parse_expression.cpp:179] 1
I20230119 13:34:50.950383 11664 parse_expression.cpp:179] -2
I20230119 13:34:59.394184 11664 runtime_ir.cpp:288] Model Inference End
I20230119 13:34:59.394239 11664 runtime_ir.cpp:342] Model Running Information, Time Cost:
I20230119 13:34:59.394250 11664 runtime_ir.cpp:345] OP type: models.yolo.Detect duration: 2.24842 s
I20230119 13:34:59.394280 11664 runtime_ir.cpp:345] OP type: nn.Conv2d duration: 14.722 s
I20230119 13:34:59.394289 11664 runtime_ir.cpp:345] OP type: nn.MaxPool2d duration: 0.101111 s
I20230119 13:34:59.394295 11664 runtime_ir.cpp:345] OP type: nn.SiLU duration: 0.91153 s
I20230119 13:34:59.394301 11664 runtime_ir.cpp:345] OP type: nn.Upsample duration: 0.0150543 s
I20230119 13:34:59.394307 11664 runtime_ir.cpp:345] OP type: pnnx.Expression duration: 0.0464155 s
I20230119 13:34:59.394313 11664 runtime_ir.cpp:345] OP type: torch.cat duration: 0.0450728 s
I20230119 13:34:59.394320 11664 runtime_ir.cpp:348] All time cost: 18.0897 s
FORWARD: 18.323262s
MultiImageYoloInferNano i=0, out_file=../../out//output_multi_0.jpg
MultiImageYoloInferNano i=1, out_file=../../out//output_multi_1.jpg
MultiImageYoloInferNano i=2, out_file=../../out//output_multi_2.jpg
MultiImageYoloInferNano i=3, out_file=../../out//output_multi_3.jpg
MultiImageYoloInferNano i=4, out_file=../../out//output_multi_4.jpg
MultiImageYoloInferNano i=5, out_file=../../out//output_multi_5.jpg
MultiImageYoloInferNano i=6, out_file=../../out//output_multi_6.jpg
MultiImageYoloInferNano i=7, out_file=../../out//output_multi_7.jpg
